mode: set
github.com/cisco/admin/unittesting/network.go:9.35,13.16 2 1
github.com/cisco/admin/unittesting/network.go:13.16,15.3 1 0
github.com/cisco/admin/unittesting/network.go:16.2,17.41 2 1
github.com/cisco/admin/unittesting/network.go:20.60,23.16 2 1
github.com/cisco/admin/unittesting/network.go:23.16,25.3 1 0
github.com/cisco/admin/unittesting/network.go:26.2,28.22 3 1
github.com/cisco/admin/unittesting/network.go:31.57,34.16 2 1
github.com/cisco/admin/unittesting/network.go:34.16,36.3 1 0
github.com/cisco/admin/unittesting/network.go:37.2,39.25 3 1
github.com/cisco/admin/unittesting/network.go:43.35,45.2 1 1
